2022/12/28 14:46:04 [warn] 1#1: the "ssl" directive is deprecated, use the "listen ... ssl" directive instead in /etc/nginx/conf.d/default.conf:10
2022/12/28 14:46:04 [notice] 1#1: using the "epoll" event method
2022/12/28 14:46:04 [notice] 1#1: nginx/1.23.3
2022/12/28 14:46:04 [notice] 1#1: built by gcc 10.2.1 20210110 (Debian 10.2.1-6) 
2022/12/28 14:46:04 [notice] 1#1: OS: Linux 5.10.102.1-microsoft-standard-WSL2
2022/12/28 14:46:04 [notice] 1#1: getrlimit(RLIMIT_NOFILE): 1048576:1048576
2022/12/28 14:46:04 [notice] 1#1: start worker processes
2022/12/28 14:46:04 [notice] 1#1: start worker process 28
2022/12/28 14:46:04 [notice] 1#1: start worker process 29
2022/12/28 14:46:04 [notice] 1#1: start worker process 30
2022/12/28 14:46:04 [notice] 1#1: start worker process 31
2022/12/28 14:46:04 [notice] 1#1: start worker process 32
2022/12/28 14:46:04 [notice] 1#1: start worker process 33
2022/12/28 14:46:04 [notice] 1#1: start worker process 34
2022/12/28 14:46:04 [notice] 1#1: start worker process 35
2022/12/28 14:46:06 [error] 29#29: *2 connect() failed (111: Connection refused) while connecting to upstream, client: 172.21.0.1, server: php-docker.local, request: "GET / HTTP/1.1", upstream: "fastcgi://172.21.0.3:9000", host: "localhost"
2022/12/28 14:46:06 [error] 29#29: *2 connect() failed (111: Connection refused) while connecting to upstream, client: 172.21.0.1, server: php-docker.local, request: "GET / HTTP/1.1", upstream: "fastcgi://172.21.0.3:9000", host: "localhost"
2022/12/28 14:46:07 [error] 29#29: *2 connect() failed (111: Connection refused) while connecting to upstream, client: 172.21.0.1, server: php-docker.local, request: "GET / HTTP/1.1", upstream: "fastcgi://172.21.0.3:9000", host: "localhost"
2022/12/28 14:46:07 [error] 29#29: *2 connect() failed (111: Connection refused) while connecting to upstream, client: 172.21.0.1, server: php-docker.local, request: "GET / HTTP/1.1", upstream: "fastcgi://172.21.0.3:9000", host: "localhost"
2022/12/28 14:46:07 [error] 29#29: *2 connect() failed (111: Connection refused) while connecting to upstream, client: 172.21.0.1, server: php-docker.local, request: "GET / HTTP/1.1", upstream: "fastcgi://172.21.0.3:9000", host: "localhost"
2022/12/28 14:47:54 [notice] 1#1: signal 3 (SIGQUIT) received, shutting down
2022/12/28 14:47:54 [notice] 28#28: gracefully shutting down
2022/12/28 14:47:54 [notice] 29#29: gracefully shutting down
2022/12/28 14:47:54 [notice] 30#30: gracefully shutting down
2022/12/28 14:47:54 [notice] 30#30: exiting
2022/12/28 14:47:54 [notice] 32#32: gracefully shutting down
2022/12/28 14:47:54 [notice] 32#32: exiting
2022/12/28 14:47:54 [notice] 31#31: gracefully shutting down
2022/12/28 14:47:54 [notice] 31#31: exiting
2022/12/28 14:47:54 [notice] 34#34: gracefully shutting down
2022/12/28 14:47:54 [notice] 33#33: gracefully shutting down
2022/12/28 14:47:54 [notice] 33#33: exiting
2022/12/28 14:47:54 [notice] 28#28: exiting
2022/12/28 14:47:54 [notice] 35#35: gracefully shutting down
2022/12/28 14:47:54 [notice] 29#29: exiting
2022/12/28 14:47:54 [notice] 30#30: exit
2022/12/28 14:47:54 [notice] 32#32: exit
2022/12/28 14:47:54 [notice] 34#34: exiting
2022/12/28 14:47:54 [notice] 31#31: exit
2022/12/28 14:47:54 [notice] 33#33: exit
2022/12/28 14:47:54 [notice] 28#28: exit
2022/12/28 14:47:54 [notice] 35#35: exiting
2022/12/28 14:47:54 [notice] 29#29: exit
2022/12/28 14:47:54 [notice] 34#34: exit
2022/12/28 14:47:54 [notice] 35#35: exit
2022/12/28 14:47:54 [notice] 1#1: signal 17 (SIGCHLD) received from 33
2022/12/28 14:47:54 [notice] 1#1: worker process 29 exited with code 0
2022/12/28 14:47:54 [notice] 1#1: worker process 32 exited with code 0
2022/12/28 14:47:54 [notice] 1#1: worker process 33 exited with code 0
2022/12/28 14:47:54 [notice] 1#1: worker process 34 exited with code 0
2022/12/28 14:47:54 [notice] 1#1: signal 29 (SIGIO) received
2022/12/28 14:47:54 [notice] 1#1: signal 17 (SIGCHLD) received from 29
2022/12/28 14:47:54 [notice] 1#1: signal 17 (SIGCHLD) received from 30
2022/12/28 14:47:54 [notice] 1#1: worker process 28 exited with code 0
2022/12/28 14:47:54 [notice] 1#1: worker process 30 exited with code 0
2022/12/28 14:47:54 [notice] 1#1: signal 29 (SIGIO) received
2022/12/28 14:47:54 [notice] 1#1: signal 17 (SIGCHLD) received from 28
2022/12/28 14:47:54 [notice] 1#1: signal 17 (SIGCHLD) received from 35
2022/12/28 14:47:54 [notice] 1#1: worker process 31 exited with code 0
2022/12/28 14:47:54 [notice] 1#1: worker process 35 exited with code 0
2022/12/28 14:47:54 [notice] 1#1: exit
2022/12/28 14:48:02 [warn] 1#1: the "ssl" directive is deprecated, use the "listen ... ssl" directive instead in /etc/nginx/conf.d/default.conf:10
2022/12/28 14:48:02 [notice] 1#1: using the "epoll" event method
2022/12/28 14:48:02 [notice] 1#1: nginx/1.23.3
2022/12/28 14:48:02 [notice] 1#1: built by gcc 10.2.1 20210110 (Debian 10.2.1-6) 
2022/12/28 14:48:02 [notice] 1#1: OS: Linux 5.10.102.1-microsoft-standard-WSL2
2022/12/28 14:48:02 [notice] 1#1: getrlimit(RLIMIT_NOFILE): 1048576:1048576
2022/12/28 14:48:02 [notice] 1#1: start worker processes
2022/12/28 14:48:02 [notice] 1#1: start worker process 28
2022/12/28 14:48:02 [notice] 1#1: start worker process 29
2022/12/28 14:48:02 [notice] 1#1: start worker process 30
2022/12/28 14:48:02 [notice] 1#1: start worker process 31
2022/12/28 14:48:02 [notice] 1#1: start worker process 32
2022/12/28 14:48:02 [notice] 1#1: start worker process 33
2022/12/28 14:48:02 [notice] 1#1: start worker process 34
2022/12/28 14:48:02 [notice] 1#1: start worker process 35
2022/12/28 14:48:03 [error] 28#28: *3 connect() failed (111: Connection refused) while connecting to upstream, client: 172.21.0.1, server: php, request: "GET / HTTP/1.1", upstream: "fastcgi://172.21.0.3:9000", host: "localhost"
2022/12/28 14:48:03 [error] 28#28: *3 connect() failed (111: Connection refused) while connecting to upstream, client: 172.21.0.1, server: php, request: "GET / HTTP/1.1", upstream: "fastcgi://172.21.0.3:9000", host: "localhost"
2022/12/28 14:49:10 [notice] 1#1: signal 3 (SIGQUIT) received, shutting down
2022/12/28 14:49:10 [notice] 28#28: gracefully shutting down
2022/12/28 14:49:10 [notice] 29#29: gracefully shutting down
2022/12/28 14:49:10 [notice] 28#28: exiting
2022/12/28 14:49:10 [notice] 30#30: gracefully shutting down
2022/12/28 14:49:10 [notice] 33#33: gracefully shutting down
2022/12/28 14:49:10 [notice] 31#31: gracefully shutting down
2022/12/28 14:49:10 [notice] 31#31: exiting
2022/12/28 14:49:10 [notice] 34#34: gracefully shutting down
2022/12/28 14:49:10 [notice] 32#32: gracefully shutting down
2022/12/28 14:49:10 [notice] 35#35: gracefully shutting down
2022/12/28 14:49:10 [notice] 29#29: exiting
2022/12/28 14:49:10 [notice] 28#28: exit
2022/12/28 14:49:10 [notice] 30#30: exiting
2022/12/28 14:49:10 [notice] 33#33: exiting
2022/12/28 14:49:10 [notice] 31#31: exit
2022/12/28 14:49:10 [notice] 34#34: exiting
2022/12/28 14:49:10 [notice] 32#32: exiting
2022/12/28 14:49:10 [notice] 35#35: exiting
2022/12/28 14:49:10 [notice] 29#29: exit
2022/12/28 14:49:10 [notice] 30#30: exit
2022/12/28 14:49:10 [notice] 33#33: exit
2022/12/28 14:49:10 [notice] 34#34: exit
2022/12/28 14:49:10 [notice] 32#32: exit
2022/12/28 14:49:10 [notice] 35#35: exit
2022/12/28 14:49:10 [notice] 1#1: signal 17 (SIGCHLD) received from 29
2022/12/28 14:49:10 [notice] 1#1: worker process 29 exited with code 0
2022/12/28 14:49:10 [notice] 1#1: worker process 31 exited with code 0
2022/12/28 14:49:10 [notice] 1#1: worker process 32 exited with code 0
2022/12/28 14:49:10 [notice] 1#1: worker process 34 exited with code 0
2022/12/28 14:49:10 [notice] 1#1: signal 29 (SIGIO) received
2022/12/28 14:49:10 [notice] 1#1: signal 17 (SIGCHLD) received from 32
2022/12/28 14:49:10 [notice] 1#1: signal 17 (SIGCHLD) received from 30
2022/12/28 14:49:10 [notice] 1#1: worker process 30 exited with code 0
2022/12/28 14:49:10 [notice] 1#1: signal 29 (SIGIO) received
2022/12/28 14:49:10 [notice] 1#1: signal 17 (SIGCHLD) received from 35
2022/12/28 14:49:10 [notice] 1#1: worker process 28 exited with code 0
2022/12/28 14:49:10 [notice] 1#1: worker process 33 exited with code 0
2022/12/28 14:49:10 [notice] 1#1: worker process 35 exited with code 0
2022/12/28 14:49:10 [notice] 1#1: exit
2022/12/28 14:49:46 [warn] 1#1: the "ssl" directive is deprecated, use the "listen ... ssl" directive instead in /etc/nginx/conf.d/default.conf:10
2022/12/28 14:49:46 [notice] 1#1: using the "epoll" event method
2022/12/28 14:49:46 [notice] 1#1: nginx/1.23.3
2022/12/28 14:49:46 [notice] 1#1: built by gcc 10.2.1 20210110 (Debian 10.2.1-6) 
2022/12/28 14:49:46 [notice] 1#1: OS: Linux 5.10.102.1-microsoft-standard-WSL2
2022/12/28 14:49:46 [notice] 1#1: getrlimit(RLIMIT_NOFILE): 1048576:1048576
2022/12/28 14:49:46 [notice] 1#1: start worker processes
2022/12/28 14:49:46 [notice] 1#1: start worker process 29
2022/12/28 14:49:46 [notice] 1#1: start worker process 30
2022/12/28 14:49:46 [notice] 1#1: start worker process 31
2022/12/28 14:49:46 [notice] 1#1: start worker process 32
2022/12/28 14:49:46 [notice] 1#1: start worker process 33
2022/12/28 14:49:46 [notice] 1#1: start worker process 34
2022/12/28 14:49:46 [notice] 1#1: start worker process 35
2022/12/28 14:49:46 [notice] 1#1: start worker process 36
2022/12/28 16:04:08 [warn] 1#1: the "ssl" directive is deprecated, use the "listen ... ssl" directive instead in /etc/nginx/conf.d/default.conf:10
2022/12/28 16:04:08 [notice] 1#1: using the "epoll" event method
2022/12/28 16:04:08 [notice] 1#1: nginx/1.23.3
2022/12/28 16:04:08 [notice] 1#1: built by gcc 10.2.1 20210110 (Debian 10.2.1-6) 
2022/12/28 16:04:08 [notice] 1#1: OS: Linux 5.10.102.1-microsoft-standard-WSL2
2022/12/28 16:04:08 [notice] 1#1: getrlimit(RLIMIT_NOFILE): 1048576:1048576
2022/12/28 16:04:08 [notice] 1#1: start worker processes
2022/12/28 16:04:08 [notice] 1#1: start worker process 28
2022/12/28 16:04:08 [notice] 1#1: start worker process 29
2022/12/28 16:04:08 [notice] 1#1: start worker process 30
2022/12/28 16:04:08 [notice] 1#1: start worker process 31
2022/12/28 16:04:08 [notice] 1#1: start worker process 32
2022/12/28 16:04:08 [notice] 1#1: start worker process 33
2022/12/28 16:04:08 [notice] 1#1: start worker process 34
2022/12/28 16:04:08 [notice] 1#1: start worker process 35
